{
  "RSpec": {
    "coverage": {
      "/data/Projektit/selfrally/SelfRally/app/jobs/application_job.rb": [
        null,
        0,
        0
      ],
      "/data/Projektit/selfrally/SelfRally/app/channels/application_cable/channel.rb": [
        0,
        null,
        0,
        0,
        0
      ],
      "/data/Projektit/selfrally/SelfRally/app/channels/application_cable/connection.rb": [
        0,
        null,
        0,
        0,
        0
      ],
      "/data/Projektit/selfrally/SelfRally/app/models/application_record.rb": [
        null,
        0,
        0,
        0
      ],
      "/data/Projektit/selfrally/SelfRally/app/models/ribbon.rb": [
        null,
        0,
        0,
        null,
        0,
        0,
        0,
        null,
        0,
        0,
        0,
        0
      ],
      "/data/Projektit/selfrally/SelfRally/app/models/user_rank.rb": [
        null,
        0,
        0,
        0,
        0
      ],
      "/data/Projektit/selfrally/SelfRally/app/models/rule.rb": [
        null,
        0,
        0,
        0,
        0,
        null,
        0,
        0
      ],
      "/data/Projektit/selfrally/SelfRally/app/models/overlay.rb": [
        null,
        0,
        0,
        0,
        0
      ],
      "/data/Projektit/selfrally/SelfRally/app/models/publisher.rb": [
        null,
        0,
        0,
        0,
        0,
        null,
        0,
        0,
        0,
        0,
        0,
        0,
        0,
        0,
        0,
        0,
        null,
        0,
        0,
        0,
        0,
        0,
        0,
        0,
        0,
        0,
        0,
        0,
        0,
        0,
        null,
        0,
        0,
        0,
        0,
        0,
        0,
        0
      ],
      "/data/Projektit/selfrally/SelfRally/app/models/comment.rb": [
        null,
        0,
        0,
        0,
        0,
        0,
        null,
        0,
        0
      ],
      "/data/Projektit/selfrally/SelfRally/app/models/scenario_rule.rb": [
        null,
        0,
        0,
        0,
        0
      ],
      "/data/Projektit/selfrally/SelfRally/app/models/game_player.rb": [
        null,
        0,
        0,
        0,
        0,
        0,
        0,
        0,
        0,
        0,
        null,
        0,
        null,
        0,
        0,
        0,
        null,
        0,
        0,
        0,
        0,
        0,
        0,
        null,
        0,
        0,
        0,
        0,
        0,
        0,
        0,
        null,
        0,
        0,
        0,
        0,
        0,
        0,
        0
      ],
      "/data/Projektit/selfrally/SelfRally/app/models/publication.rb": [
        null,
        0,
        0,
        0,
        null,
        null,
        0,
        0,
        0,
        0,
        0,
        0,
        0,
        0,
        0,
        0,
        0,
        0,
        null,
        0,
        0,
        0,
        0,
        0,
        0,
        0,
        0,
        0,
        0,
        0,
        0,
        null,
        0,
        0,
        0,
        0,
        0,
        0,
        0
      ],
      "/data/Projektit/selfrally/SelfRally/app/models/concerns/current_user_concern.rb": [
        null,
        0,
        0,
        null,
        0,
        0,
        0,
        0
      ],
      "/data/Projektit/selfrally/SelfRally/app/models/user_ribbon.rb": [
        null,
        0,
        0,
        0,
        0,
        0,
        0,
        0,
        0,
        0,
        null,
        0,
        0,
        0,
        0,
        0,
        0,
        0,
        0,
        null,
        0,
        null,
        0,
        0,
        0,
        null,
        0,
        0,
        0,
        null,
        0,
        0,
        0,
        null,
        0,
        0,
        0,
        0
      ],
      "/data/Projektit/selfrally/SelfRally/app/models/game.rb": [
        null,
        0,
        0,
        0,
        0,
        0,
        0,
        0,
        0,
        0,
        null,
        0,
        0,
        null,
        0,
        0,
        0,
        null,
        0,
        0,
        0,
        0,
        0,
        0,
        null,
        0,
        0,
        0,
        null,
        0,
        0,
        0,
        0,
        0,
        0,
        0,
        0,
        0
      ],
      "/data/Projektit/selfrally/SelfRally/app/models/counter.rb": [
        null,
        0,
        0,
        0,
        null,
        0,
        0,
        0,
        0
      ],
      "/data/Projektit/selfrally/SelfRally/app/models/rank.rb": [
        null,
        0,
        0,
        0,
        0
      ],
      "/data/Projektit/selfrally/SelfRally/app/models/guest_user.rb": [
        null,
        0,
        0,
        0,
        0,
        0,
        0,
        0,
        null,
        null,
        null,
        0,
        0
      ],
      "/data/Projektit/selfrally/SelfRally/app/models/scenario_overlay.rb": [
        null,
        0,
        0,
        0,
        0
      ],
      "/data/Projektit/selfrally/SelfRally/app/models/scenario_counter.rb": [
        null,
        0,
        0,
        0,
        0,
        0
      ],
      "/data/Projektit/selfrally/SelfRally/app/models/force.rb": [
        null,
        0,
        0,
        0,
        0,
        0,
        null,
        0,
        0,
        0,
        0,
        0
      ],
      "/data/Projektit/selfrally/SelfRally/app/models/scenario_force.rb": [
        null,
        0,
        0,
        0,
        0
      ],
      "/data/Projektit/selfrally/SelfRally/app/models/elo_rating.rb": [
        null,
        0,
        0,
        null,
        0,
        0,
        0,
        null,
        0,
        0,
        0,
        null,
        0,
        0,
        0,
        null,
        0,
        0,
        0,
        null,
        0,
        null,
        0,
        0,
        0,
        null,
        0,
        0,
        0,
        0
      ],
      "/data/Projektit/selfrally/SelfRally/app/models/scenario_map.rb": [
        null,
        0,
        0,
        0,
        0
      ],
      "/data/Projektit/selfrally/SelfRally/app/models/scenario_publication.rb": [
        null,
        0,
        0,
        0,
        0
      ],
      "/data/Projektit/selfrally/SelfRally/app/models/map.rb": [
        null,
        0,
        0,
        0,
        0
      ],
      "/data/Projektit/selfrally/SelfRally/app/models/location.rb": [
        null,
        0,
        0
      ],
      "/data/Projektit/selfrally/SelfRally/app/models/user.rb": [
        null,
        null,
        0,
        0,
        0,
        0,
        0,
        0,
        0,
        null,
        null,
        null,
        null,
        null,
        null,
        0,
        null,
        null,
        null,
        null,
        0,
        0,
        null,
        0,
        0,
        null,
        0,
        0,
        0,
        0,
        0,
        0,
        0,
        null,
        0,
        0,
        0,
        0,
        null,
        0,
        0,
        0,
        0,
        0,
        0,
        0,
        null,
        0,
        0,
        0,
        null,
        0,
        0,
        0,
        null,
        0,
        0,
        0,
        0,
        0,
        null,
        0,
        0,
        0,
        0,
        null,
        0,
        0,
        0,
        null,
        null,
        null,
        0,
        0,
        0,
        0,
        0,
        0,
        0,
        0,
        0,
        0,
        0,
        0,
        null,
        0,
        0,
        0,
        null,
        0,
        0,
        0,
        null,
        0,
        0,
        0,
        null,
        0,
        0,
        0,
        null,
        0,
        0,
        0,
        null,
        0,
        0,
        0,
        null,
        null,
        0,
        0,
        0,
        0,
        0,
        null,
        0,
        0,
        0,
        0,
        0,
        0,
        0
      ],
      "/data/Projektit/selfrally/SelfRally/app/models/scenario.rb": [
        null,
        0,
        0,
        0,
        0,
        0,
        0,
        0,
        0,
        0,
        0,
        0,
        0,
        0,
        0,
        0,
        0,
        0,
        0,
        0,
        0,
        0,
        0,
        0,
        0,
        0,
        0,
        null,
        0,
        0,
        0,
        0,
        0,
        0,
        0,
        0,
        0,
        0,
        0,
        0,
        null,
        0,
        0,
        0,
        null,
        0,
        0,
        0,
        null,
        0,
        0,
        0,
        0,
        0,
        0,
        0
      ],
      "/data/Projektit/selfrally/SelfRally/app/controllers/comments_controller.rb": [
        null,
        0,
        0,
        null,
        0,
        0,
        0,
        0,
        0,
        0,
        null,
        0,
        null,
        0,
        0,
        0,
        0
      ],
      "/data/Projektit/selfrally/SelfRally/app/controllers/application_controller.rb": [
        null,
        0,
        0,
        0,
        0,
        null,
        0,
        null,
        0,
        0,
        0,
        0,
        0,
        null,
        0,
        null,
        0,
        0,
        0,
        0,
        null,
        0,
        null,
        0,
        0,
        0,
        0,
        0
      ],
      "/data/Projektit/selfrally/SelfRally/app/controllers/games_controller.rb": [
        null,
        0,
        0,
        0,
        0,
        null,
        null,
        0,
        0,
        0,
        null,
        null,
        0,
        null,
        null,
        0,
        0,
        0,
        null,
        null,
        0,
        null,
        null,
        0,
        null,
        null,
        0,
        0,
        0,
        0,
        0,
        0,
        0,
        0,
        null,
        null,
        0,
        0,
        0,
        0,
        0,
        0,
        0,
        0,
        0,
        null,
        null,
        0,
        0,
        0,
        0,
        null,
        0,
        0,
        0,
        0,
        0,
        0,
        null,
        0,
        null,
        null,
        0,
        0,
        0,
        0,
        0,
        0,
        0,
        0,
        0,
        0,
        0,
        null,
        null,
        0,
        0,
        0,
        null,
        null,
        0,
        0,
        0,
        0,
        0,
        0,
        0,
        0,
        0,
        null,
        null,
        0,
        0,
        0,
        null,
        0,
        0,
        0,
        0
      ],
      "/data/Projektit/selfrally/SelfRally/app/controllers/admin_controller.rb": [
        null,
        0,
        0,
        0,
        0,
        0,
        0,
        null,
        0,
        0,
        0,
        0
      ],
      "/data/Projektit/selfrally/SelfRally/app/controllers/publishers_controller.rb": [
        null,
        0,
        0,
        0,
        null,
        null,
        0,
        0,
        0,
        0,
        null,
        0,
        0,
        0,
        null,
        null,
        0,
        null,
        null,
        0,
        0,
        0,
        null,
        null,
        0,
        null,
        null,
        0,
        0,
        null,
        0,
        0,
        0,
        0,
        0,
        0,
        null,
        null,
        0,
        0,
        0,
        0,
        0,
        0,
        0,
        null,
        null,
        0,
        0,
        0,
        0,
        null,
        0,
        null,
        null,
        0,
        0,
        0,
        null,
        null,
        0,
        0,
        0,
        null,
        0,
        0,
        0,
        0,
        0,
        0,
        0,
        0,
        0,
        0,
        0
      ],
      "/data/Projektit/selfrally/SelfRally/app/controllers/scenarios/comments_controller.rb": [
        null,
        0,
        0,
        null,
        0,
        null,
        0,
        null,
        0,
        null,
        0,
        0,
        0,
        0
      ],
      "/data/Projektit/selfrally/SelfRally/app/controllers/users_controller.rb": [
        null,
        0,
        0,
        null,
        0,
        null,
        0,
        0,
        0,
        0
      ],
      "/data/Projektit/selfrally/SelfRally/app/controllers/ribbons_controller.rb": [
        null,
        0,
        0,
        0,
        0,
        0
      ],
      "/data/Projektit/selfrally/SelfRally/app/controllers/publications_controller.rb": [
        null,
        0,
        0,
        0,
        null,
        null,
        0,
        0,
        0,
        0,
        null,
        0,
        0,
        0,
        null,
        null,
        0,
        null,
        null,
        0,
        0,
        0,
        null,
        null,
        0,
        null,
        null,
        0,
        0,
        null,
        0,
        0,
        0,
        0,
        0,
        0,
        null,
        null,
        0,
        0,
        0,
        0,
        0,
        0,
        0,
        null,
        null,
        0,
        0,
        0,
        0,
        null,
        0,
        null,
        null,
        0,
        0,
        0,
        null,
        null,
        0,
        0,
        0,
        null,
        0,
        0,
        0,
        0,
        0,
        0,
        0,
        0,
        0,
        0,
        0
      ],
      "/data/Projektit/selfrally/SelfRally/app/controllers/pages_controller.rb": [
        null,
        0,
        0,
        0
      ],
      "/data/Projektit/selfrally/SelfRally/app/controllers/scenarios_controller.rb": [
        null,
        0,
        0,
        0,
        null,
        null,
        0,
        0,
        0,
        0,
        null,
        0,
        0,
        0,
        null,
        null,
        0,
        null,
        null,
        0,
        0,
        0,
        null,
        null,
        0,
        null,
        null,
        0,
        0,
        null,
        0,
        0,
        0,
        0,
        0,
        0,
        null,
        null,
        0,
        0,
        0,
        0,
        0,
        0,
        0,
        null,
        null,
        0,
        0,
        0,
        0,
        null,
        null,
        null,
        0,
        null,
        null,
        0,
        0,
        0,
        null,
        null,
        0,
        0,
        0,
        null,
        0,
        0,
        0,
        0,
        0,
        0,
        0,
        0,
        0,
        0,
        0
      ],
      "/data/Projektit/selfrally/SelfRally/app/helpers/scenario_helper.rb": [
        null,
        0,
        null,
        0,
        0,
        0,
        0,
        0,
        0,
        0,
        0,
        0,
        null,
        0,
        0,
        0,
        null,
        0,
        0,
        0,
        null,
        0,
        0,
        0,
        0,
        0,
        0,
        0,
        null,
        0,
        0,
        0,
        null,
        0,
        0,
        0,
        0
      ],
      "/data/Projektit/selfrally/SelfRally/app/helpers/application_helper.rb": [
        null,
        0,
        0,
        0,
        0,
        0,
        null,
        0,
        0,
        0,
        0,
        null,
        0,
        0,
        0,
        0,
        0,
        null,
        0,
        0,
        0,
        0,
        0,
        0,
        0,
        null,
        0,
        0,
        0,
        null,
        0,
        0,
        0,
        0,
        0,
        0,
        0,
        0,
        0,
        0,
        null,
        0,
        0,
        0,
        0,
        0,
        0,
        0,
        0,
        null,
        0,
        0,
        0,
        0,
        0,
        0,
        0,
        0,
        null,
        0,
        0,
        0,
        0,
        0,
        0,
        null,
        0,
        0,
        0,
        0,
        0,
        0,
        0,
        0,
        0,
        0,
        0,
        0,
        null,
        0,
        0,
        0,
        0,
        null,
        0,
        0,
        0,
        0,
        null,
        0,
        0,
        0,
        null,
        0,
        0,
        0,
        0,
        0,
        0,
        null,
        0,
        0,
        0,
        0
      ],
      "/data/Projektit/selfrally/SelfRally/app/helpers/sidebar_menu_helper.rb": [
        null,
        0,
        0,
        null,
        0,
        0,
        null,
        null,
        null,
        null,
        0,
        0,
        0,
        0,
        0,
        0,
        0,
        0,
        0,
        0,
        0,
        0,
        0,
        0,
        0,
        0,
        0,
        0,
        0,
        0,
        0,
        0,
        null,
        0,
        0,
        0,
        0,
        0,
        0,
        0,
        0
      ],
      "/data/Projektit/selfrally/SelfRally/app/helpers/header_menu_helper.rb": [
        null,
        0,
        0,
        null,
        0,
        0,
        0,
        0,
        0,
        0,
        0,
        0,
        0,
        0,
        0,
        0,
        0,
        0,
        0,
        0,
        null,
        0,
        0,
        0,
        0,
        0,
        0,
        0,
        0,
        0
      ],
      "/data/Projektit/selfrally/SelfRally/app/helpers/admin_menu_helper.rb": [
        null,
        0,
        0,
        null,
        0,
        0,
        0,
        0,
        0,
        0,
        0,
        0,
        null,
        0,
        0,
        0,
        0,
        0,
        0,
        0,
        null,
        0,
        0,
        0,
        0,
        0,
        0,
        0,
        0
      ],
      "/data/Projektit/selfrally/SelfRally/app/mailers/application_mailer.rb": [
        null,
        0,
        0,
        0,
        0
      ]
    },
    "timestamp": 1528631769
  }
}
