{
  "RSpec": {
    "coverage": {
      "/data/Projektit/selfrally/SelfRally/app/models/user.rb": [
        null,
        null,
        1,
        1,
        1,
        1,
        1,
        null,
        null,
        null,
        null,
        null,
        null,
        1,
        null,
        null,
        null,
        null,
        1,
        null,
        null,
        1,
        1,
        null,
        1,
        1,
        null,
        null,
        null,
        null,
        null,
        null,
        1,
        6,
        null,
        null,
        1,
        10,
        null,
        null,
        1,
        2,
        null,
        null,
        1,
        null,
        null,
        9,
        null,
        null,
        1,
        7,
        3,
        null,
        null,
        1,
        3,
        null,
        null,
        1,
        52,
        null,
        null,
        1,
        24,
        null,
        null,
        1,
        26,
        null,
        null,
        1,
        2,
        null,
        null,
        1,
        2,
        null,
        null,
        1,
        24,
        null,
        null,
        null,
        1,
        78,
        78,
        22,
        null,
        null,
        1,
        null,
        null,
        null,
        91,
        null,
        null
      ],
      "/data/Projektit/selfrally/SelfRally/app/models/application_record.rb": [
        null,
        1,
        1,
        null
      ],
      "/data/Projektit/selfrally/SelfRally/app/controllers/application_controller.rb": [
        null,
        1,
        1,
        1,
        1,
        null,
        1,
        null,
        1,
        0,
        0,
        0,
        null,
        null,
        1,
        null,
        1,
        0,
        0,
        null,
        null,
        1,
        null,
        1,
        0,
        0,
        null,
        null
      ],
      "/data/Projektit/selfrally/SelfRally/app/helpers/application_helper.rb": [
        null,
        1,
        1,
        0,
        0,
        null,
        null,
        1,
        0,
        0,
        null,
        null,
        1,
        null,
        null,
        0,
        null,
        null,
        1,
        null,
        null,
        null,
        null,
        0,
        null,
        null,
        1,
        0,
        null,
        null,
        1,
        0,
        0,
        0,
        null,
        0,
        0,
        null,
        0,
        null,
        null,
        1,
        null,
        null,
        null,
        null,
        null,
        0,
        null,
        null,
        1,
        0,
        null,
        null,
        null,
        null,
        null,
        null,
        null,
        1,
        0,
        null,
        null,
        null,
        null,
        null,
        1,
        0,
        null,
        null,
        null,
        null,
        null,
        0,
        null,
        null,
        null,
        null,
        null,
        1,
        0,
        0,
        null,
        null,
        1,
        0,
        0,
        null,
        null,
        1,
        0,
        null,
        null,
        1,
        null,
        null,
        null,
        0,
        null,
        null,
        1,
        0,
        null,
        null
      ],
      "/data/Projektit/selfrally/SelfRally/app/helpers/admin_menu_helper.rb": [
        null,
        1,
        1,
        null,
        1,
        null,
        null,
        null,
        null,
        0,
        null,
        null,
        null,
        1,
        0,
        0,
        0,
        null,
        0,
        null,
        null,
        1,
        0,
        null,
        null,
        null,
        null,
        null,
        null
      ],
      "/data/Projektit/selfrally/SelfRally/app/helpers/header_menu_helper.rb": [
        null,
        1,
        1,
        null,
        1,
        null,
        null,
        null,
        null,
        0,
        null,
        null,
        null,
        null,
        null,
        null,
        null,
        null,
        null,
        null,
        null,
        1,
        0,
        0,
        0,
        0,
        null,
        0,
        null,
        null
      ],
      "/data/Projektit/selfrally/SelfRally/app/helpers/scenario_helper.rb": [
        null,
        1,
        null,
        1,
        0,
        0,
        null,
        null,
        null,
        null,
        0,
        null,
        null,
        1,
        0,
        null,
        null,
        1,
        0,
        null,
        null,
        1,
        0,
        0,
        0,
        null,
        0,
        null,
        null,
        1,
        0,
        null,
        null,
        1,
        0,
        null,
        null
      ],
      "/data/Projektit/selfrally/SelfRally/app/helpers/sidebar_menu_helper.rb": [
        null,
        1,
        1,
        null,
        1,
        null,
        null,
        null,
        null,
        null,
        null,
        null,
        null,
        0,
        null,
        null,
        null,
        null,
        null,
        null,
        null,
        null,
        null,
        null,
        null,
        null,
        null,
        null,
        null,
        1,
        0,
        0,
        0,
        null,
        0,
        null,
        null
      ],
      "/data/Projektit/selfrally/SelfRally/app/models/concerns/current_user_concern.rb": [
        null,
        1,
        1,
        null,
        1,
        0,
        null,
        null
      ],
      "/data/Projektit/selfrally/SelfRally/app/models/rank.rb": [
        null,
        1,
        1,
        1,
        null
      ],
      "/data/Projektit/selfrally/SelfRally/app/models/user_rank.rb": [
        null,
        1,
        1,
        1,
        null
      ],
      "/data/Projektit/selfrally/SelfRally/app/jobs/application_job.rb": [
        null,
        0,
        0
      ],
      "/data/Projektit/selfrally/SelfRally/app/channels/application_cable/channel.rb": [
        0,
        null,
        0,
        0,
        0
      ],
      "/data/Projektit/selfrally/SelfRally/app/channels/application_cable/connection.rb": [
        0,
        null,
        0,
        0,
        0
      ],
      "/data/Projektit/selfrally/SelfRally/app/models/rule.rb": [
        null,
        0,
        0,
        0,
        0
      ],
      "/data/Projektit/selfrally/SelfRally/app/models/overlay.rb": [
        null,
        0,
        0,
        0,
        0
      ],
      "/data/Projektit/selfrally/SelfRally/app/models/publisher.rb": [
        null,
        0,
        0,
        0,
        0,
        null,
        0,
        0,
        0,
        0,
        0,
        0,
        0,
        0,
        0,
        0,
        null,
        0,
        0,
        0,
        0,
        0,
        0,
        0,
        0,
        0,
        0,
        0,
        0,
        0,
        null,
        0,
        0,
        0,
        0,
        0,
        0,
        0
      ],
      "/data/Projektit/selfrally/SelfRally/app/models/comment.rb": [
        null,
        0,
        0,
        0,
        0,
        0,
        null,
        0,
        0
      ],
      "/data/Projektit/selfrally/SelfRally/app/models/scenario_rule.rb": [
        null,
        1,
        1,
        null,
        null
      ],
      "/data/Projektit/selfrally/SelfRally/app/models/elo_rating.rb": [
        null,
        1,
        1,
        null,
        1,
        89,
        null,
        null,
        1,
        31,
        null,
        null,
        1,
        6,
        null,
        null,
        0,
        0,
        0,
        0,
        0,
        0,
        0,
        0,
        0,
        null,
        0,
        null,
        1,
        null,
        1,
        93,
        null,
        null,
        1,
        31,
        null,
        null
      ],
      "/data/Projektit/selfrally/SelfRally/app/models/force.rb": [
        null,
        1,
        1,
        1,
        1,
        1,
        null,
        1,
        1,
        1,
        null,
        null
      ],
      "/data/Projektit/selfrally/SelfRally/app/models/game_player.rb": [
        null,
        0,
        0,
        0,
        0,
        0,
        0,
        0,
        null,
        0,
        0,
        0,
        0,
        0,
        0,
        0
      ],
      "/data/Projektit/selfrally/SelfRally/app/models/publication.rb": [
        null,
        null,
        null,
        1,
        1,
        1,
        null,
        1,
        null,
        1,
        105,
        null,
        0,
        0,
        0,
        0,
        0,
        0,
        0,
        0,
        0,
        0,
        0,
        0,
        null,
        1,
        24,
        null,
        null,
        null,
        null,
        null,
        1,
        24,
        22,
        null,
        2,
        null,
        null,
        null,
        1,
        2,
        null,
        null,
        null,
        null,
        0,
        0,
        0,
        0,
        0,
        0,
        0
      ],
      "/data/Projektit/selfrally/SelfRally/app/models/game.rb": [
        null,
        1,
        1,
        null,
        null,
        null,
        null,
        1,
        1,
        null,
        1,
        1,
        null,
        1,
        1,
        null,
        null,
        1,
        12,
        13,
        null,
        1,
        null,
        null,
        1,
        24,
        null,
        0,
        0,
        0,
        null,
        1,
        12,
        12,
        24,
        24,
        24,
        null,
        0,
        0,
        0,
        null,
        0,
        0,
        0,
        0,
        0,
        0,
        0,
        0,
        0
      ],
      "/data/Projektit/selfrally/SelfRally/app/models/counter.rb": [
        null,
        1,
        3,
        3,
        null,
        2,
        null,
        1,
        null,
        null,
        null,
        1,
        null,
        1,
        null,
        null,
        null,
        null
      ],
      "/data/Projektit/selfrally/SelfRally/app/models/guest_user.rb": [
        null,
        1,
        3,
        3,
        null,
        2,
        null,
        1,
        null,
        null,
        null,
        1,
        null,
        1,
        null,
        null,
        null,
        0,
        0
      ],
      "/data/Projektit/selfrally/SelfRally/app/models/rank.rb": [
        null,
        1,
        1,
        1,
        null
      ],
      "/data/Projektit/selfrally/SelfRally/app/models/rule.rb": [
        null,
        0,
        0,
        0,
        0
      ],
      "/data/Projektit/selfrally/SelfRally/app/models/scenario_counter.rb": [
        null,
        0,
        0,
        0,
        0,
        0
      ],
      "/data/Projektit/selfrally/SelfRally/app/models/scenario_force.rb": [
        null,
        1,
        1,
        1,
        null
      ],
      "/data/Projektit/selfrally/SelfRally/app/models/scenario_map.rb": [
        null,
        0,
        0,
        0,
        0,
        0
      ],
      "/data/Projektit/selfrally/SelfRally/app/models/force.rb": [
        null,
        1,
        1,
        1,
        null
      ],
      "/data/Projektit/selfrally/SelfRally/app/models/scenario_publication.rb": [
        null,
        1,
        1,
        1,
        null
      ],
      "/data/Projektit/selfrally/SelfRally/app/models/scenario_rule.rb": [
        null,
        0,
        0,
        0,
        0,
        0
      ],
      "/data/Projektit/selfrally/SelfRally/app/models/scenario_force.rb": [
        null,
        1,
        2,
        null,
        1,
        3,
        3,
        null,
        2,
        null,
        1,
        null,
        null,
        null,
        1,
        1,
        null,
        null,
        1,
        1,
        null,
        0,
        0,
        0,
        null,
        1,
        null,
        1,
        null,
        0,
        0,
        0,
        null,
        0,
        null,
        0,
        0,
        0,
        null,
        0,
        0,
        0,
        0
      ],
      "/data/Projektit/selfrally/SelfRally/app/models/scenario_map.rb": [
        null,
        0,
        0,
        0,
        0
      ],
      "/data/Projektit/selfrally/SelfRally/app/models/scenario_publication.rb": [
        null,
        0,
        0,
        0,
        0
      ],
      "/data/Projektit/selfrally/SelfRally/app/models/map.rb": [
        null,
        0,
        0,
        0,
        0
      ],
      "/data/Projektit/selfrally/SelfRally/app/models/location.rb": [
        null,
        0,
        0
      ],
      "/data/Projektit/selfrally/SelfRally/app/controllers/comments_controller.rb": [
        null,
        0,
        0,
        0,
        0,
        null,
        0,
        0,
        0,
        0,
        0,
        0,
        null,
        0,
        null,
        null,
        0,
        0,
        0,
        0,
        0,
        0,
        0,
        0,
        0,
        0,
        0,
        null,
        null,
        0,
        0,
        0,
        null,
        null,
        0,
        0,
        0,
        0,
        0,
        null,
        null,
        0,
        0,
        0,
        null,
        0,
        0,
        0,
        0
      ],
      "/data/Projektit/selfrally/SelfRally/app/controllers/admin_controller.rb": [
        null,
        0,
        0,
        0,
        0,
        0,
        0,
        null,
        0,
        0,
        0,
        0
      ],
      "/data/Projektit/selfrally/SelfRally/app/controllers/publishers_controller.rb": [
        null,
        0,
        0,
        0,
        null,
        null,
        0,
        0,
        0,
        0,
        null,
        0,
        0,
        0,
        null,
        null,
        0,
        null,
        null,
        0,
        0,
        0,
        null,
        null,
        0,
        null,
        null,
        0,
        0,
        null,
        0,
        0,
        0,
        0,
        0,
        0,
        null,
        null,
        0,
        0,
        0,
        0,
        0,
        0,
        0,
        null,
        null,
        0,
        0,
        0,
        0,
        null,
        0,
        null,
        null,
        0,
        0,
        0,
        null,
        null,
        0,
        0,
        0,
        null,
        0,
        0,
        0,
        0,
        0,
        0,
        0,
        0,
        0,
        0,
        0
      ],
      "/data/Projektit/selfrally/SelfRally/app/controllers/scenarios/comments_controller.rb": [
        null,
        0,
        0,
        null,
        0,
        null,
        0,
        null,
        0,
        null,
        0,
        0,
        0,
        0
      ],
      "/data/Projektit/selfrally/SelfRally/app/controllers/users_controller.rb": [
        null,
        0,
        0,
        null,
        0,
        null,
        0,
        0,
        0,
        0
      ],
      "/data/Projektit/selfrally/SelfRally/app/controllers/publications_controller.rb": [
        null,
        0,
        0,
        0,
        null,
        null,
        0,
        0,
        0,
        0,
        null,
        0,
        0,
        0,
        null,
        null,
        0,
        null,
        null,
        0,
        0,
        0,
        null,
        null,
        0,
        null,
        null,
        0,
        0,
        null,
        0,
        0,
        0,
        0,
        0,
        0,
        null,
        null,
        0,
        0,
        0,
        0,
        0,
        0,
        0,
        null,
        null,
        0,
        0,
        0,
        0,
        null,
        0,
        null,
        null,
        0,
        0,
        0,
        null,
        null,
        0,
        0,
        0,
        null,
        0,
        0,
        0,
        0,
        0,
        0,
        0,
        0,
        0,
        0,
        0
      ],
      "/data/Projektit/selfrally/SelfRally/app/controllers/pages_controller.rb": [
        null,
        0,
        0,
        0
      ],
      "/data/Projektit/selfrally/SelfRally/app/controllers/scenarios_controller.rb": [
        null,
        0,
        0,
        0,
        null,
        null,
        0,
        0,
        0,
        0,
        null,
        0,
        0,
        0,
        null,
        null,
        0,
        null,
        null,
        0,
        0,
        0,
        null,
        null,
        0,
        null,
        null,
        0,
        0,
        null,
        0,
        0,
        0,
        0,
        0,
        0,
        null,
        null,
        0,
        0,
        0,
        0,
        0,
        0,
        0,
        null,
        null,
        0,
        0,
        0,
        0,
        null,
        null,
        null,
        0,
        null,
        null,
        0,
        0,
        0,
        null,
        null,
        0,
        0,
        0,
        null,
        0,
        0,
        0,
        0,
        0,
        0,
        0,
        0,
        0,
        0,
        0
      ],
      "/data/Projektit/selfrally/SelfRally/app/mailers/application_mailer.rb": [
        null,
        0,
        0,
        0,
        0
      ]
    },
    "timestamp": 1528543360
  }
}
